 GNU assembler version 2.24.51 (i686-linux-gnu)
	 using BFD version (GNU Binutils for Ubuntu) 2.24.90.20141014.
 options passed	: --32 -I../inc -g -almgns=obj/screen_get_pos.lst -c 
 input file    	: src/screen_get_pos.s
 output file   	: obj/screen_get_pos.o
 target        	: i686-pc-linux-gnu
 time stamp    	: 2015-05-26T12:17:32.000-0700

   1              	
   2              	        .section        .text
   3              	        .type           screen_get_pos, @function
   4              	        .globl          screen_get_pos
   5              	screen_get_pos:
   6 0000 C8000000 	        enter   $0, $0
   7 0004 53       	        push    %ebx
   8 0005 0FA0     	        pushl   %fs
   9              	
  10 0007 66BB0000 	        mov     $sel_bs, %bx            # address rom-bios data
  11 000b 8EE3     	        mov     %bx, %fs                #   using FS register
  12 000d 648A1D62 	        mov     %fs:(0x62), %bl         # get current page
  12      000000
  13 0014 0FB6DB   	        movzx   %bl, %ebx               # extend to 32-bit for address index
  14 0017 64668B14 	        mov     %fs:0x50(,%ebx,2), %dx  # get row,col for current page
  14      5D500000 
  14      00
  15              	
  16 0020 0FA1     	        popl    %fs
  17 0022 5B       	        pop     %ebx
  18 0023 C9       	        leave
  19 0024 C3       	        ret
  20              	
DEFINED SYMBOLS
src/screen_get_pos.s:5      .text:0000000000000000 screen_get_pos

UNDEFINED SYMBOLS
sel_bs
